<?xml version="1.0" encoding="UTF-8"?>
<testsuite xmlns:xsi="http://www.w3.org/2001/XMLSchema-instance" xsi:noNamespaceSchemaLocation="https://maven.apache.org/surefire/maven-surefire-plugin/xsd/surefire-test-report.xsd" name="com.example.LibraryManagementTest" time="0.04" tests="12" errors="0" skipped="0" failures="0">
  <properties>
[...]
</properties>
  <testcase name="testBorrowAvailableBook" classname="com.example.LibraryManagementTest" time="0.013"/>
  <testcase name="testBorrowUnavailableBook" classname="com.example.LibraryManagementTest" time="0"/>
  <testcase name="testInvalidISBNNumber" classname="com.example.LibraryManagementTest" time="0"/>
  <testcase name="testEmptyPublishyearvalue" classname="com.example.LibraryManagementTest" time="0.001"/>
  <testcase name="testReturnBookThatWasNotBorrowed" classname="com.example.LibraryManagementTest" time="0"/>
  <testcase name="checkDuplicateEntryOfBook" classname="com.example.LibraryManagementTest" time="0.001"/>
  <testcase name="testEmptyISBNValue" classname="com.example.LibraryManagementTest" time="0"/>
  <testcase name="testEmptyTitlevalue" classname="com.example.LibraryManagementTest" time="0.001"/>
  <testcase name="testAddBooks" classname="com.example.LibraryManagementTest" time="0"/>
  <testcase name="testEmptyAuthorvalue" classname="com.example.LibraryManagementTest" time="0"/>
  <testcase name="testReturnBook" classname="com.example.LibraryManagementTest" time="0.001"/>
  <testcase name="testBorrowNonexistentBook" classname="com.example.LibraryManagementTest" time="0"/>
</testsuite>